<?xml version="1.0" encoding="UTF-8"?>
<!-- Generated by org.testng.reporters.JUnitXMLReporter -->
<testsuite ignored="0" hostname="DESKTOP-64I2TDN" failures="0" tests="6" name="Test" time="155.686" errors="0" timestamp="2024-03-30T13:54:24 IST">
  <testcase classname="com.inetBanking.testCases.TC_Login_001" name="loginTest" time="9.484"/>
  <testcase classname="com.inetBanking.testCases.TC_Login_DDT_002" name="login" time="9.912"/>
  <testcase classname="com.inetBanking.testCases.TC_Login_DDT_002" name="login" time="3.347"/>
  <testcase classname="com.inetBanking.testCases.TC_Login_DDT_002" name="login" time="5.633"/>
  <testcase classname="com.inetBanking.testCases.TC_Login_DDT_002" name="login" time="17.449"/>
  <testcase classname="com.inetBanking.testCases.TC_AddNewCustomer_003" name="testNewCustomer" time="26.833"/>
</testsuite> <!-- Test -->
