<?xml version="1.0" encoding="UTF-8"?>
<testng-results ignored="0" total="6" passed="6" failed="0" skipped="0">
  <reporter-output>
  </reporter-output>
  <suite started-at="2024-03-30T13:51:47 IST" name="Suite" finished-at="2024-03-30T13:54:23 IST" duration-ms="155686">
    <groups>
    </groups>
    <test started-at="2024-03-30T13:51:47 IST" name="Test" finished-at="2024-03-30T13:54:23 IST" duration-ms="155686">
      <class name="com.inetBanking.testCases.TC_AddNewCustomer_003">
        <test-method is-config="true" signature="setUp(java.lang.String)[pri:0, instance:com.inetBanking.testCases.TC_AddNewCustomer_003@795509d9]" started-at="2024-03-30T13:53:38 IST" name="setUp" finished-at="2024-03-30T13:53:55 IST" duration-ms="17261" status="PASS">
          <params>
            <param index="0">
              <value>
                <![CDATA[chromeBrowser]]>
              </value>
            </param>
          </params>
          <reporter-output>
          </reporter-output>
        </test-method> <!-- setUp -->
        <test-method signature="testNewCustomer()[pri:0, instance:com.inetBanking.testCases.TC_AddNewCustomer_003@795509d9]" started-at="2024-03-30T13:53:55 IST" name="testNewCustomer" finished-at="2024-03-30T13:54:22 IST" duration-ms="26833" status="PASS">
          <reporter-output>
          </reporter-output>
        </test-method> <!-- testNewCustomer -->
        <test-method is-config="true" signature="tearDown()[pri:0, instance:com.inetBanking.testCases.TC_AddNewCustomer_003@795509d9]" started-at="2024-03-30T13:54:22 IST" name="tearDown" finished-at="2024-03-30T13:54:23 IST" duration-ms="928" status="PASS">
          <reporter-output>
          </reporter-output>
        </test-method> <!-- tearDown -->
      </class> <!-- com.inetBanking.testCases.TC_AddNewCustomer_003 -->
      <class name="com.inetBanking.testCases.TC_Login_DDT_002">
        <test-method is-config="true" signature="setUp(java.lang.String)[pri:0, instance:com.inetBanking.testCases.TC_Login_DDT_002@19e4653c]" started-at="2024-03-30T13:52:35 IST" name="setUp" finished-at="2024-03-30T13:52:57 IST" duration-ms="22292" status="PASS">
          <params>
            <param index="0">
              <value>
                <![CDATA[chromeBrowser]]>
              </value>
            </param>
          </params>
          <reporter-output>
          </reporter-output>
        </test-method> <!-- setUp -->
        <test-method signature="login([Ljava.lang.String;)[pri:0, instance:com.inetBanking.testCases.TC_Login_DDT_002@19e4653c]" started-at="2024-03-30T13:53:00 IST" name="login" data-provider="ExcelData" finished-at="2024-03-30T13:53:10 IST" duration-ms="9912" status="PASS">
          <params>
            <param index="0">
              <value>
                <![CDATA[[Ljava.lang.String;@764a3e5d]]>
              </value>
            </param>
          </params>
          <reporter-output>
          </reporter-output>
        </test-method> <!-- login -->
        <test-method signature="login([Ljava.lang.String;)[pri:0, instance:com.inetBanking.testCases.TC_Login_DDT_002@19e4653c]" started-at="2024-03-30T13:53:10 IST" name="login" data-provider="ExcelData" finished-at="2024-03-30T13:53:13 IST" duration-ms="3347" status="PASS">
          <params>
            <param index="0">
              <value>
                <![CDATA[[Ljava.lang.String;@1b560eb0]]>
              </value>
            </param>
          </params>
          <reporter-output>
          </reporter-output>
        </test-method> <!-- login -->
        <test-method signature="login([Ljava.lang.String;)[pri:0, instance:com.inetBanking.testCases.TC_Login_DDT_002@19e4653c]" started-at="2024-03-30T13:53:13 IST" name="login" data-provider="ExcelData" finished-at="2024-03-30T13:53:19 IST" duration-ms="5633" status="PASS">
          <params>
            <param index="0">
              <value>
                <![CDATA[[Ljava.lang.String;@1cd2ff5b]]>
              </value>
            </param>
          </params>
          <reporter-output>
          </reporter-output>
        </test-method> <!-- login -->
        <test-method signature="login([Ljava.lang.String;)[pri:0, instance:com.inetBanking.testCases.TC_Login_DDT_002@19e4653c]" started-at="2024-03-30T13:53:19 IST" name="login" data-provider="ExcelData" finished-at="2024-03-30T13:53:36 IST" duration-ms="17449" status="PASS">
          <params>
            <param index="0">
              <value>
                <![CDATA[[Ljava.lang.String;@fddd7ae]]>
              </value>
            </param>
          </params>
          <reporter-output>
          </reporter-output>
        </test-method> <!-- login -->
        <test-method is-config="true" signature="tearDown()[pri:0, instance:com.inetBanking.testCases.TC_Login_DDT_002@19e4653c]" started-at="2024-03-30T13:53:36 IST" name="tearDown" finished-at="2024-03-30T13:53:38 IST" duration-ms="1473" status="PASS">
          <reporter-output>
          </reporter-output>
        </test-method> <!-- tearDown -->
      </class> <!-- com.inetBanking.testCases.TC_Login_DDT_002 -->
      <class name="com.inetBanking.testCases.TC_Login_001">
        <test-method is-config="true" signature="setUp(java.lang.String)[pri:0, instance:com.inetBanking.testCases.TC_Login_001@1ca3b418]" started-at="2024-03-30T13:51:48 IST" name="setUp" finished-at="2024-03-30T13:52:21 IST" duration-ms="33555" status="PASS">
          <params>
            <param index="0">
              <value>
                <![CDATA[chromeBrowser]]>
              </value>
            </param>
          </params>
          <reporter-output>
          </reporter-output>
        </test-method> <!-- setUp -->
        <test-method signature="loginTest()[pri:0, instance:com.inetBanking.testCases.TC_Login_001@1ca3b418]" started-at="2024-03-30T13:52:22 IST" name="loginTest" finished-at="2024-03-30T13:52:31 IST" duration-ms="9484" status="PASS">
          <reporter-output>
          </reporter-output>
        </test-method> <!-- loginTest -->
        <test-method is-config="true" signature="tearDown()[pri:0, instance:com.inetBanking.testCases.TC_Login_001@1ca3b418]" started-at="2024-03-30T13:52:32 IST" name="tearDown" finished-at="2024-03-30T13:52:35 IST" duration-ms="2821" status="PASS">
          <reporter-output>
          </reporter-output>
        </test-method> <!-- tearDown -->
      </class> <!-- com.inetBanking.testCases.TC_Login_001 -->
    </test> <!-- Test -->
  </suite> <!-- Suite -->
</testng-results>
