<?xml version="1.0" encoding="UTF-8"?>
<testng-results ignored="0" total="1" passed="1" failed="0" skipped="0">
  <reporter-output>
  </reporter-output>
  <suite started-at="2024-03-29T21:26:44 IST" name="Suite" finished-at="2024-03-29T21:27:43 IST" duration-ms="58681">
    <groups>
    </groups>
    <test started-at="2024-03-29T21:26:44 IST" name="Test" finished-at="2024-03-29T21:27:43 IST" duration-ms="58681">
      <class name="com.inetBanking.testCases.TC_AddNewCustomer_003">
        <test-method is-config="true" signature="setUp(java.lang.String)[pri:0, instance:com.inetBanking.testCases.TC_AddNewCustomer_003@742ff096]" started-at="2024-03-29T21:26:46 IST" name="setUp" finished-at="2024-03-29T21:27:21 IST" duration-ms="35454" status="PASS">
          <params>
            <param index="0">
              <value>
                <![CDATA[chromeBrowser]]>
              </value>
            </param>
          </params>
          <reporter-output>
          </reporter-output>
        </test-method> <!-- setUp -->
        <test-method signature="testNewCustomer()[pri:0, instance:com.inetBanking.testCases.TC_AddNewCustomer_003@742ff096]" started-at="2024-03-29T21:27:21 IST" name="testNewCustomer" finished-at="2024-03-29T21:27:42 IST" duration-ms="20696" status="PASS">
          <reporter-output>
          </reporter-output>
        </test-method> <!-- testNewCustomer -->
        <test-method is-config="true" signature="tearDown()[pri:0, instance:com.inetBanking.testCases.TC_AddNewCustomer_003@742ff096]" started-at="2024-03-29T21:27:42 IST" name="tearDown" finished-at="2024-03-29T21:27:43 IST" duration-ms="1194" status="PASS">
          <reporter-output>
          </reporter-output>
        </test-method> <!-- tearDown -->
      </class> <!-- com.inetBanking.testCases.TC_AddNewCustomer_003 -->
    </test> <!-- Test -->
  </suite> <!-- Suite -->
</testng-results>
